<?xml version="1.0" encoding="UTF-8"?>
<testsuite name="AppTest.CarValueTest" tests="1" skipped="0" failures="0" errors="0" timestamp="2023-03-15T09:35:33" hostname="LAPTOP-5MCE8DVK" time="6.93">
  <properties/>
  <testcase name="carverificationTest" classname="AppTest.CarValueTest" time="6.93"/>
  <system-out><![CDATA[AD58VNF
BW57BOW
KT17DLX
]]></system-out>
  <system-err><![CDATA[SLF4J: Failed to load class "org.slf4j.impl.StaticLoggerBinder".
SLF4J: Defaulting to no-operation (NOP) logger implementation
SLF4J: See http://www.slf4j.org/codes.html#StaticLoggerBinder for further details.
Starting ChromeDriver 111.0.5563.64 (c710e93d5b63b7095afe8c2c17df34408078439d-refs/branch-heads/5563@{#995}) on port 10610
Only local connections are allowed.
Please see https://chromedriver.chromium.org/security-considerations for suggestions on keeping ChromeDriver safe.
ChromeDriver was started successfully.
Mar 15, 2023 9:35:35 AM org.openqa.selenium.remote.ProtocolHandshake createSession
INFO: Detected dialect: W3C
]]></system-err>
</testsuite>
